<?xml version="1.0" encoding="UTF-8"?>
<!-- Generated by org.testng.reporters.JUnitReportReporter -->
<testsuite hostname="DESKTOP-E8U6502" failures="0" tests="1" name="restAPI.GetRequestWithParams" time="4.687" errors="0" timestamp="29 Sep 2022 12:04:42 GMT" skipped="0">
  <testcase classname="restAPI.GetRequestWithParams" name="test3" time="4.687"/>
</testsuite> <!-- restAPI.GetRequestWithParams -->
