<?xml version="1.0" encoding="UTF-8"?>
<!-- Generated by org.testng.reporters.JUnitReportReporter -->
<testsuite hostname="DESKTOP-E8U6502" failures="0" tests="1" name="restApIXmL.XMLTest" time="4.399" errors="0" timestamp="23 Oct 2022 10:20:51 GMT" skipped="0">
  <testcase classname="restApIXmL.XMLTest" name="test2" time="4.399"/>
</testsuite> <!-- restApIXmL.XMLTest -->
