<?xml version="1.0" encoding="UTF-8"?>
<!-- Generated by org.testng.reporters.JUnitReportReporter -->
<testsuite hostname="DESKTOP-E8U6502" failures="0" tests="1" name="restBDD.PostRestBBD" time="4.801" errors="0" timestamp="23 Oct 2022 08:21:43 GMT" skipped="0">
  <testcase classname="restBDD.PostRestBBD" name="test1" time="4.801"/>
</testsuite> <!-- restBDD.PostRestBBD -->
