<?xml version="1.0" encoding="UTF-8"?>
<!-- Generated by org.testng.reporters.JUnitReportReporter -->
<testsuite hostname="DESKTOP-E8U6502" failures="0" tests="1" name="gitHub.EndToEndGitTest" time="6.727" errors="0" timestamp="04 Oct 2022 19:51:55 GMT" skipped="0">
  <testcase classname="gitHub.EndToEndGitTest" name="Test2" time="6.727"/>
</testsuite> <!-- gitHub.EndToEndGitTest -->
