<?xml version="1.0" encoding="UTF-8"?>
<!-- Generated by org.testng.reporters.JUnitReportReporter -->
<testsuite hostname="DESKTOP-E8U6502" failures="0" tests="1" name="restAPI.Delete" time="2.893" errors="0" timestamp="02 Oct 2022 05:02:55 GMT" skipped="0">
  <testcase classname="restAPI.Delete" name="Del" time="2.893"/>
</testsuite> <!-- restAPI.Delete -->
