<?xml version="1.0" encoding="UTF-8"?>
<!-- Generated by org.testng.reporters.JUnitReportReporter -->
<testsuite hostname="DESKTOP-E8U6502" failures="0" tests="1" name="restAPI.PostReqWithMap" time="4.675" errors="0" timestamp="29 Sep 2022 14:55:45 GMT" skipped="0">
  <testcase classname="restAPI.PostReqWithMap" name="test6" time="4.675"/>
</testsuite> <!-- restAPI.PostReqWithMap -->
