<?xml version="1.0" encoding="UTF-8"?>
<!-- Generated by org.testng.reporters.JUnitReportReporter -->
<testsuite hostname="DESKTOP-E8U6502" failures="0" tests="1" name="restBDD.DelRestBDD" time="2.918" errors="0" timestamp="23 Oct 2022 08:22:59 GMT" skipped="0">
  <testcase classname="restBDD.DelRestBDD" name="test1" time="2.918"/>
</testsuite> <!-- restBDD.DelRestBDD -->
