<?xml version="1.0" encoding="UTF-8"?>
<!-- Generated by org.testng.reporters.JUnitReportReporter -->
<testsuite hostname="DESKTOP-E8U6502" failures="0" tests="1" name="restAPI.PutRequest" time="4.369" errors="0" timestamp="01 Oct 2022 19:26:30 GMT" skipped="0">
  <testcase classname="restAPI.PutRequest" name="Put" time="4.369"/>
</testsuite> <!-- restAPI.PutRequest -->
