<?xml version="1.0" encoding="UTF-8"?>
<!-- Generated by org.testng.reporters.JUnitReportReporter -->
<testsuite hostname="DESKTOP-E8U6502" failures="0" tests="1" name="restBDD.PutRestBDD" time="5.237" errors="0" timestamp="23 Oct 2022 08:21:56 GMT" skipped="0">
  <testcase classname="restBDD.PutRestBDD" name="Test1" time="5.237"/>
</testsuite> <!-- restBDD.PutRestBDD -->
