<?xml version="1.0" encoding="UTF-8"?>
<!-- Generated by org.testng.reporters.JUnitReportReporter -->
<testsuite hostname="DESKTOP-E8U6502" failures="0" tests="2" name="restBDD.GetRestBDD" time="4.645" errors="0" timestamp="23 Oct 2022 08:19:02 GMT" skipped="0">
  <testcase classname="restBDD.GetRestBDD" name="test1" time="3.093"/>
  <testcase classname="restBDD.GetRestBDD" name="test2" time="1.552"/>
</testsuite> <!-- restBDD.GetRestBDD -->
