<?xml version="1.0" encoding="UTF-8"?>
<!-- Generated by org.testng.reporters.JUnitReportReporter -->
<testsuite hostname="DESKTOP-E8U6502" failures="0" tests="1" name="restAPI.PostRequest" time="5.801" errors="0" timestamp="29 Sep 2022 13:05:56 GMT" skipped="0">
  <testcase classname="restAPI.PostRequest" name="test3" time="5.801"/>
</testsuite> <!-- restAPI.PostRequest -->
