<?xml version="1.0" encoding="UTF-8"?>
<!-- Generated by org.testng.reporters.JUnitReportReporter -->
<testsuite hostname="DESKTOP-E8U6502" failures="0" tests="1" name="restAPI.PostReqWithFile" time="4.256" errors="0" timestamp="29 Sep 2022 15:29:55 GMT" skipped="0">
  <testcase classname="restAPI.PostReqWithFile" name="test7" time="4.256"/>
</testsuite> <!-- restAPI.PostReqWithFile -->
