<?xml version="1.0" encoding="UTF-8"?>
<!-- Generated by org.testng.reporters.JUnitReportReporter -->
<testsuite hostname="DESKTOP-E8U6502" failures="0" tests="1" name="apiChaining.EndToEndTest" time="5.233" errors="0" timestamp="04 Oct 2022 13:58:03 GMT" skipped="0">
  <testcase classname="apiChaining.EndToEndTest" name="test1" time="5.233"/>
</testsuite> <!-- apiChaining.EndToEndTest -->
